build/app/outputs/mapping/release/mapping.txt
# compiler: R8
# compiler_version: 1.5.64
# min_api: 22
# pg_map_id: 93d01cd
...
com.google.gson.internal.bind.TreeTypeAdapter$GsonContextImpl -> b.b.b.y.n.l$b:
com.google.gson.internal.bind.TypeAdapterRuntimeTypeWrapper -> b.b.b.y.n.m:
    com.google.gson.Gson context -> a
    java.lang.reflect.Type type -> c
    com.google.gson.TypeAdapter delegate -> b
    java.lang.reflect.Type getRuntimeTypeIfMoreSpecific(java.lang.reflect.Type,java.lang.Object) -> a
    java.lang.Object read(com.google.gson.stream.JsonReader) -> a
    void write(com.google.gson.stream.JsonWriter,java.lang.Object) -> a
com.google.gson.internal.bind.TypeAdapters -> b.b.b.y.n.n:
    com.google.gson.TypeAdapterFactory BIT_SET_FACTORY -> d
    com.google.gson.TypeAdapter BIT_SET -> c
    com.google.gson.TypeAdapter BIG_DECIMAL -> B
    com.google.gson.TypeAdapter LOCALE -> V
    com.google.gson.TypeAdapterFactory ATOMIC_BOOLEAN_FACTORY -> q
    com.google.gson.TypeAdapter NUMBER -> w
    com.google.gson.TypeAdapter BIG_INTEGER -> C
    com.google.gson.TypeAdapterFactory BOOLEAN_FACTORY -> g
    com.google.gson.TypeAdapter BYTE -> h
    com.google.gson.TypeAdapterFactory STRING_BUILDER_FACTORY -> F
    com.google.gson.TypeAdapter STRING_BUFFER -> G
    com.google.gson.TypeAdapterFactory SHORT_FACTORY -> k
    com.google.gson.TypeAdapterFactory URL_FACTORY -> J
    com.google.gson.TypeAdapterFactory ATOMIC_INTEGER_FACTORY -> o
    com.google.gson.TypeAdapterFactory INET_ADDRESS_FACTORY -> N
    com.google.gson.TypeAdapterFactory TIMESTAMP_FACTORY -> S
    com.google.gson.TypeAdapter LONG -> t
    com.google.gson.TypeAdapterFactory LOCALE_FACTORY -> W
    com.google.gson.TypeAdapterFactory NUMBER_FACTORY -> x
    com.google.gson.TypeAdapter INTEGER -> l
    com.google.gson.TypeAdapter URI -> K
    com.google.gson.TypeAdapter ATOMIC_BOOLEAN -> p
    com.google.gson.TypeAdapter UUID -> O
    com.google.gson.TypeAdapter BOOLEAN -> e
    com.google.gson.TypeAdapterFactory CLASS_FACTORY -> b
    com.google.gson.TypeAdapter CLASS -> a
com.google.gson.internal.bind.TypeAdapters$1 -> b.b.b.y.n.n$k:
    java.lang.Class read(com.google.gson.stream.JsonReader) -> a
    java.lang.Object read(com.google.gson.stream.JsonReader) -> a
    void write(com.google.gson.stream.JsonWriter,java.lang.Class) -> a
    void write(com.google.gson.stream.JsonWriter,java.lang.Object) -> a
com.google.gson.internal.bind.TypeAdapters$10 -> b.b.b.y.n.n$a:
    java.lang.Object read(com.google.gson.stream.JsonReader) -> a
    java.util.concurrent.atomic.AtomicIntegerArray read(com.google.gson.stream.JsonReader) -> a
    void write(com.google.gson.stream.JsonWriter,java.lang.Object) -> a
    void write(com.google.gson.stream.JsonWriter,java.util.concurrent.atomic.AtomicIntegerArray) -> a
com.google.gson.internal.bind.TypeAdapters$11 -> b.b.b.y.n.n$b:
    java.lang.Number read(com.google.gson.stream.JsonReader) -> a
    java.lang.Object read(com.google.gson.stream.JsonReader) -> a
    void write(com.google.gson.stream.JsonWriter,java.lang.Number) -> a
    void write(com.google.gson.stream.JsonWriter,java.lang.Object) -> a
com.google.gson.internal.bind.TypeAdapters$12 -> b.b.b.y.n.n$c:
    java.lang.Number read(com.google.gson.stream.JsonReader) -> a
    java.lang.Object read(com.google.gson.stream.JsonReader) -> a
    void write(com.google.gson.stream.JsonWriter,java.lang.Number) -> a
    void write(com.google.gson.stream.JsonWriter,java.lang.Object) -> a
com.google.gson.internal.bind.TypeAdapters$13 -> b.b.b.y.n.n$d:
    java.lang.Number read(com.google.gson.stream.JsonReader) -> a
    java.lang.Object read(com.google.gson.stream.JsonReader) -> a
    void write(com.google.gson.stream.JsonWriter,java.lang.Number) -> a
    void write(com.google.gson.stream.JsonWriter,java.lang.Object) -> a